#
# A fatal error has been detected by the Java Runtime Environment:
#
#  EXCEPTION_ACCESS_VIOLATION (0xc0000005) at pc=0x0000000052862928, pid=4840, tid=0x0000000000001774
#
# JRE version: Java(TM) SE Runtime Environment (8.0_151-b12) (build 1.8.0_151-b12)
# Java VM: Java HotSpot(TM) 64-Bit Server VM (25.151-b12 mixed mode windows-amd64 compressed oops)
# Problematic frame:
# C  [jdwp.dll+0x22928]
#
# Failed to write core dump. Minidumps are not enabled by default on client versions of Windows
#
# If you would like to submit a bug report, please visit:
#   http://bugreport.java.com/bugreport/crash.jsp
# The crash happened outside the Java Virtual Machine in native code.
# See problematic frame for where to report the bug.
#

---------------  T H R E A D  ---------------

Current thread (0x0000000017991800):  JavaThread "JDWP Command Reader" daemon [_thread_in_native, id=6004, stack(0x0000000018690000,0x0000000018790000)]

siginfo: ExceptionCode=0xc0000005, reading address 0x0000000000000000

Registers:
RAX=0x000000005286f5a0, RBX=0x000000000000000c, RCX=0x0000000000000000, RDX=0x0000000000000028
RSP=0x000000001878f0a0, RBP=0x000000001878f310, RSI=0x0000000000000004, RDI=0x00000000528233c0
R8 =0x000000001878f108, R9 =0x7efefefefefeff6b, R10=0x81010101010100f8, R11=0x8101010101010100
R12=0x00000000528691d8, R13=0x0000000017992198, R14=0x0000000000000000, R15=0x0000000000000000
RIP=0x0000000052862928, EFLAGS=0x0000000000010206

Top of Stack: (sp=0x000000001878f0a0)
0x000000001878f0a0:   000000001878f0c8 0000000000000018
0x000000001878f0b0:   0000000000000000 0000000000000000
0x000000001878f0c0:   0000000000002714 00000000528223c0
0x000000001878f0d0:   0000000000000001 0000000000000020
0x000000001878f0e0:   0000000000000000 0000000000000450
0x000000001878f0f0:   00000000528233c0 000000005282108e
0x000000001878f100:   000000000000000c 000000001878f118
0x000000001878f110:   0000000000000004 00007ffc9dfda670
0x000000001878f120:   7075727265746e49 636e756620646574
0x000000001878f130:   6c6163206e6f6974 000000000000006c
0x000000001878f140:   0000000000000000 0000000000000000
0x000000001878f150:   000072025c350ede 00000000528691d8
0x000000001878f160:   0000000000000144 00007ffc9bc36ea0
0x000000001878f170:   0000000000002714 0000000000fbf190
0x000000001878f180:   0000000000000004 000000001878f1c4
0x000000001878f190:   000000001878f228 0000000000000000 

Instructions: (pc=0x0000000052862928)
0x0000000052862908:   83 ec 50 48 63 d1 85 c9 75 07 33 c0 e9 84 00 00
0x0000000052862918:   00 48 8b 05 c8 d3 00 00 4c 8d 44 24 68 48 8b 08
0x0000000052862928:   48 8b 01 ff 90 68 01 00 00 8b f8 85 c0 74 61 8b
0x0000000052862938:   c8 e8 72 ca fe ff 48 8b d8 ff 15 e9 48 00 00 c7 


Register to memory mapping:

RAX=0x000000005286f5a0 is an unknown value
RBX=0x000000000000000c is an unknown value
RCX=0x0000000000000000 is an unknown value
RDX=0x0000000000000028 is an unknown value
RSP=0x000000001878f0a0 is pointing into the stack for thread: 0x0000000017991800
RBP=0x000000001878f310 is pointing into the stack for thread: 0x0000000017991800
RSI=0x0000000000000004 is an unknown value
RDI=0x00000000528233c0 is an unknown value
R8 =0x000000001878f108 is pointing into the stack for thread: 0x0000000017991800
R9 =0x7efefefefefeff6b is an unknown value
R10=0x81010101010100f8 is an unknown value
R11=0x8101010101010100 is an unknown value
R12=0x00000000528691d8 is an unknown value
R13=0x0000000017992198 is an unknown value
R14=0x0000000000000000 is an unknown value
R15=0x0000000000000000 is an unknown value


Stack: [0x0000000018690000,0x0000000018790000],  sp=0x000000001878f0a0,  free space=1020k
Native frames: (J=compiled Java code, j=interpreted, Vv=VM code, C=native code)
C  [jdwp.dll+0x22928]
C  [dt_socket.dll+0x108e]
C  [dt_socket.dll+0x15f6]
C  [jdwp.dll+0x1fad1]
C  [jdwp.dll+0xed38]
V  [jvm.dll+0x1bd118]
V  [jvm.dll+0x244adf]
V  [jvm.dll+0x29c3ea]
C  [msvcr100.dll+0x21d9f]
C  [msvcr100.dll+0x21e3b]
